<?xml version="1.0" encoding="UTF-8"?>
<!-- Generated by org.testng.reporters.JUnitReportReporter -->
<testsuite hostname="TrongNhans-MacBook-Pro.local" failures="0" tests="4" name="Bookings.BookFlight" time="0.003" errors="0" timestamp="2021-11-03T15:29:35 ICT" skipped="1">
  <testcase classname="Bookings.BookFlight" name="BookFlight_OneWay_TestCase3" time="0.000"/>
  <system-out/>
  <testcase classname="Bookings.BookFlight" name="BookFlight_OneWay_TestCase4" time="0.001"/>
  <system-out/>
  <testcase classname="Bookings.BookFlight" name="BookFlight_RoundTrip_TestCase1" time="0.002"/>
  <system-out/>
  <testcase classname="Bookings.BookFlight" name="BookFlight_RoundTrip_TestCase2">
    <skipped/>
  </testcase> <!-- BookFlight_RoundTrip_TestCase2 -->
  <system-out/>
</testsuite> <!-- Bookings.BookFlight -->
