<?xml version="1.0" encoding="UTF-8"?>
<!-- Generated by org.testng.reporters.JUnitReportReporter -->
<testsuite hostname="TrongNhans-MacBook-Pro.local" failures="0" tests="2" name="Bookings.BookHolidayPackage" time="0.003" errors="0" timestamp="2021-11-10T15:25:17 ICT" skipped="0">
  <testcase classname="Bookings.BookHolidayPackage" name="BookHolodayPackage_desparture" time="0.003"/>
  <system-out/>
  <testcase classname="Bookings.BookHolidayPackage" name="BookHolodayPackage_destination" time="0.000"/>
  <system-out/>
</testsuite> <!-- Bookings.BookHolidayPackage -->
