<?xml version="1.0" encoding="UTF-8"?>
<!-- Generated by org.testng.reporters.JUnitReportReporter -->
<testsuite hostname="TrongNhans-MacBook-Pro.local" failures="0" tests="8" name="Bookings.pmtdp" time="0.004" errors="0" timestamp="2021-11-10T15:50:47 ICT" skipped="0">
  <testcase classname="Bookings.pmtdp" name="testcase2" time="0.000"/>
  <system-out/>
  <testcase classname="Bookings.pmtdp" name="testcase1" time="0.000"/>
  <system-out/>
  <testcase classname="Bookings.pmtdp" name="testcase1" time="0.001"/>
  <system-out/>
  <testcase classname="Bookings.pmtdp" name="testcase2" time="0.000"/>
  <system-out/>
  <testcase classname="Bookings.pmtdp" name="testcase1" time="0.002"/>
  <system-out/>
  <testcase classname="Bookings.pmtdp" name="testcase1" time="0.001"/>
  <system-out/>
  <testcase classname="Bookings.pmtdp" name="testcase2" time="0.000"/>
  <system-out/>
  <testcase classname="Bookings.pmtdp" name="testcase2" time="0.000"/>
  <system-out/>
</testsuite> <!-- Bookings.pmtdp -->
