<?xml version="1.0" encoding="UTF-8"?>
<!-- Generated by org.testng.reporters.JUnitReportReporter -->
<testsuite hostname="TrongNhans-MacBook-Pro.local" failures="0" tests="2" name="Bookings.BookFlight" time="0.001" errors="0" timestamp="2021-11-10T15:25:17 ICT" skipped="0">
  <testcase classname="Bookings.BookFlight" name="BookFlight_OneWay_TestCase3" time="0.001"/>
  <system-out/>
  <testcase classname="Bookings.BookFlight" name="BookFlight_OneWay_TestCase4" time="0.000"/>
  <system-out/>
</testsuite> <!-- Bookings.BookFlight -->
