<?xml version="1.0" encoding="UTF-8"?>
<!-- Generated by org.testng.reporters.JUnitReportReporter -->
<testsuite hostname="TrongNhans-MacBook-Pro.local" failures="0" tests="1" name="Bookings.FlightStatus" time="0.000" errors="0" timestamp="2021-11-10T15:25:17 ICT" skipped="0">
  <testcase classname="Bookings.FlightStatus" name="FlightStatus_Testcase1" time="0.000"/>
  <system-out/>
</testsuite> <!-- Bookings.FlightStatus -->
